<?xml version="1.0" encoding="UTF-8"?>
<!-- Generated by org.testng.reporters.JUnitXMLReporter -->
<testsuite hostname="Asads-MacBook-Pro.local" tests="5" failures="0" timestamp="24 Oct 2013 19:11:18 GMT" time="33.47" errors="0">
  <testcase name="testLink" time="4.286" classname="Test04"/>
  <testcase name="testLink" time="4.846" classname="Test03"/>
  <testcase name="testLink" time="4.293" classname="Test01"/>
  <testcase name="testLink" time="5.57" classname="Test02"/>
  <testcase name="testLink" time="4.418" classname="Test05"/>
</testsuite>
